[
  {
    "level_": 0,
    "message_": "ABIs [arm64-v8a,armeabi-v7a,armeabi] set by \u0027android.injected.build.abi\u0027 gradle flag contained \u0027ARMEABI\u0027 not targeted by this project.",
    "file_": "",
    "tag_": "",
    "diagnosticCode_": 0,
    "memoizedIsInitialized": 1,
    "unknownFields": {
      "fields": {},
      "fieldsDescending": {}
    },
    "memoizedSize": -1,
<<<<<<< HEAD
    "memoizedHashCode": 1002494102
=======
    "memoizedHashCode": -1414118048
>>>>>>> 62800fdb12a50ed3d6cb7d454ef3bb57708112bf
  }
]