[
  {
    "level_": 0,
    "message_": "ABIs [armeabi-v7a,armeabi] set by \u0027android.injected.build.abi\u0027 gradle flag contained \u0027ARMEABI\u0027 not targeted by this project.",
    "file_": "",
    "tag_": "",
    "diagnosticCode_": 0,
    "memoizedIsInitialized": 1,
    "unknownFields": {
      "fields": {},
      "fieldsDescending": {}
    },
    "memoizedSize": -1,
<<<<<<< HEAD
<<<<<<< HEAD
    "memoizedHashCode": -24901641
=======
    "memoizedHashCode": 484079069
>>>>>>> 814ac7e9edb7b66f3e3f75570e0816a9fb504816
=======
    "memoizedHashCode": 591633256
>>>>>>> db39dc0ffe262472c532d9c2e38a8c2f403f5b9b
  }
]